0 info it worked if it ends with ok
1 verbose cli [ '/usr/local/bin/node', '/usr/local/bin/npm', 'run', 'node' ]
2 info using npm@3.10.10
3 info using node@v6.11.0
4 verbose run-script [ 'prenode', 'node', 'postnode' ]
5 info lifecycle mahenan-express@0.0.0~prenode: mahenan-express@0.0.0
6 silly lifecycle mahenan-express@0.0.0~prenode: no script for prenode, continuing
7 info lifecycle mahenan-express@0.0.0~node: mahenan-express@0.0.0
8 verbose lifecycle mahenan-express@0.0.0~node: unsafe-perm in lifecycle true
9 verbose lifecycle mahenan-express@0.0.0~node: PATH: /usr/local/lib/node_modules/npm/bin/node-gyp-bin:/Applications/gradution_design_sy/node_modules/.bin:/usr/local/bin:/usr/bin:/bin:/usr/sbin:/sbin:/usr/local/mysql/bin
10 verbose lifecycle mahenan-express@0.0.0~node: CWD: /Applications/gradution_design_sy
11 silly lifecycle mahenan-express@0.0.0~node: Args: [ '-c', 'supervisor ./bin/www' ]
12 silly lifecycle mahenan-express@0.0.0~node: Returned: code: 1  signal: null
13 info lifecycle mahenan-express@0.0.0~node: Failed to exec node script
14 verbose stack Error: mahenan-express@0.0.0 node: `supervisor ./bin/www`
14 verbose stack Exit status 1
14 verbose stack     at EventEmitter.<anonymous> (/usr/local/lib/node_modules/npm/lib/utils/lifecycle.js:255:16)
14 verbose stack     at emitTwo (events.js:106:13)
14 verbose stack     at EventEmitter.emit (events.js:191:7)
14 verbose stack     at ChildProcess.<anonymous> (/usr/local/lib/node_modules/npm/lib/utils/spawn.js:40:14)
14 verbose stack     at emitTwo (events.js:106:13)
14 verbose stack     at ChildProcess.emit (events.js:191:7)
14 verbose stack     at maybeClose (internal/child_process.js:891:16)
14 verbose stack     at Process.ChildProcess._handle.onexit (internal/child_process.js:226:5)
15 verbose pkgid mahenan-express@0.0.0
16 verbose cwd /Applications/gradution_design_sy
17 error Darwin 17.2.0
18 error argv "/usr/local/bin/node" "/usr/local/bin/npm" "run" "node"
19 error node v6.11.0
20 error npm  v3.10.10
21 error code ELIFECYCLE
22 error mahenan-express@0.0.0 node: `supervisor ./bin/www`
22 error Exit status 1
23 error Failed at the mahenan-express@0.0.0 node script 'supervisor ./bin/www'.
23 error Make sure you have the latest version of node.js and npm installed.
23 error If you do, this is most likely a problem with the mahenan-express package,
23 error not with npm itself.
23 error Tell the author that this fails on your system:
23 error     supervisor ./bin/www
23 error You can get information on how to open an issue for this project with:
23 error     npm bugs mahenan-express
23 error Or if that isn't available, you can get their info via:
23 error     npm owner ls mahenan-express
23 error There is likely additional logging output above.
24 verbose exit [ 1, true ]
